{"C:\\Users\\Indosmart ct\\Documents\\itecc\\server.js": {"path":"C:\\Users\\Indosmart ct\\Documents\\itecc\\server.js","statementMap":{"0":{"start":{"line":1,"column":0},"end":{"line":1,"column":27}},"1":{"start":{"line":3,"column":16},"end":{"line":3,"column":34}},"2":{"start":{"line":4,"column":13},"end":{"line":4,"column":28}},"3":{"start":{"line":5,"column":15},"end":{"line":5,"column":32}},"4":{"start":{"line":6,"column":18},"end":{"line":6,"column":47}},"5":{"start":{"line":7,"column":13},"end":{"line":7,"column":28}},"6":{"start":{"line":8,"column":11},"end":{"line":8,"column":24}},"7":{"start":{"line":9,"column":17},"end":{"line":9,"column":42}},"8":{"start":{"line":10,"column":15},"end":{"line":10,"column":34}},"9":{"start":{"line":11,"column":12},"end":{"line":11,"column":35}},"10":{"start":{"line":13,"column":13},"end":{"line":13,"column":37}},"11":{"start":{"line":14,"column":23},"end":{"line":14,"column":55}},"12":{"start":{"line":15,"column":19},"end":{"line":15,"column":47}},"13":{"start":{"line":16,"column":24},"end":{"line":19,"column":18}},"14":{"start":{"line":18,"column":14},"end":{"line":18,"column":22}},"15":{"start":{"line":21,"column":0},"end":{"line":30,"column":3}},"16":{"start":{"line":26,"column":2},"end":{"line":29,"column":3}},"17":{"start":{"line":27,"column":16},"end":{"line":27,"column":33}},"18":{"start":{"line":28,"column":4},"end":{"line":28,"column":66}},"19":{"start":{"line":28,"column":40},"end":{"line":28,"column":66}},"20":{"start":{"line":32,"column":22},"end":{"line":32,"column":42}},"21":{"start":{"line":33,"column":24},"end":{"line":33,"column":57}},"22":{"start":{"line":34,"column":14},"end":{"line":34,"column":52}},"23":{"start":{"line":36,"column":0},"end":{"line":46,"column":1}},"24":{"start":{"line":37,"column":20},"end":{"line":37,"column":50}},"25":{"start":{"line":38,"column":2},"end":{"line":45,"column":3}},"26":{"start":{"line":39,"column":4},"end":{"line":41,"column":5}},"27":{"start":{"line":40,"column":6},"end":{"line":40,"column":50}},"28":{"start":{"line":42,"column":4},"end":{"line":42,"column":24}},"29":{"start":{"line":44,"column":4},"end":{"line":44,"column":75}},"30":{"start":{"line":48,"column":0},"end":{"line":52,"column":1}},"31":{"start":{"line":49,"column":2},"end":{"line":51,"column":4}},"32":{"start":{"line":53,"column":0},"end":{"line":57,"column":1}},"33":{"start":{"line":54,"column":2},"end":{"line":56,"column":4}},"34":{"start":{"line":59,"column":0},"end":{"line":63,"column":1}},"35":{"start":{"line":60,"column":2},"end":{"line":60,"column":67}},"36":{"start":{"line":61,"column":2},"end":{"line":61,"column":86}},"37":{"start":{"line":62,"column":2},"end":{"line":62,"column":18}},"38":{"start":{"line":65,"column":11},"end":{"line":65,"column":32}},"39":{"start":{"line":66,"column":0},"end":{"line":66,"column":32}},"40":{"start":{"line":68,"column":0},"end":{"line":76,"column":3}},"41":{"start":{"line":78,"column":20},"end":{"line":78,"column":83}},"42":{"start":{"line":78,"column":76},"end":{"line":78,"column":82}},"43":{"start":{"line":79,"column":0},"end":{"line":81,"column":1}},"44":{"start":{"line":80,"column":2},"end":{"line":80,"column":60}},"45":{"start":{"line":82,"column":0},"end":{"line":84,"column":1}},"46":{"start":{"line":83,"column":2},"end":{"line":83,"column":54}},"47":{"start":{"line":85,"column":0},"end":{"line":87,"column":1}},"48":{"start":{"line":86,"column":2},"end":{"line":86,"column":51}},"49":{"start":{"line":89,"column":22},"end":{"line":89,"column":87}},"50":{"start":{"line":89,"column":80},"end":{"line":89,"column":86}},"51":{"start":{"line":90,"column":0},"end":{"line":92,"column":1}},"52":{"start":{"line":91,"column":2},"end":{"line":91,"column":81}},"53":{"start":{"line":94,"column":12},"end":{"line":94,"column":21}},"54":{"start":{"line":99,"column":0},"end":{"line":101,"column":1}},"55":{"start":{"line":100,"column":2},"end":{"line":100,"column":28}},"56":{"start":{"line":103,"column":0},"end":{"line":144,"column":2}},"57":{"start":{"line":145,"column":0},"end":{"line":145,"column":28}},"58":{"start":{"line":147,"column":0},"end":{"line":155,"column":2}},"59":{"start":{"line":150,"column":6},"end":{"line":150,"column":47}},"60":{"start":{"line":150,"column":19},"end":{"line":150,"column":47}},"61":{"start":{"line":151,"column":6},"end":{"line":151,"column":72}},"62":{"start":{"line":151,"column":44},"end":{"line":151,"column":72}},"63":{"start":{"line":152,"column":6},"end":{"line":152,"column":69}},"64":{"start":{"line":157,"column":0},"end":{"line":157,"column":40}},"65":{"start":{"line":159,"column":23},"end":{"line":165,"column":2}},"66":{"start":{"line":166,"column":0},"end":{"line":166,"column":24}},"67":{"start":{"line":168,"column":28},"end":{"line":174,"column":2}},"68":{"start":{"line":177,"column":2},"end":{"line":177,"column":104}},"69":{"start":{"line":177,"column":19},"end":{"line":177,"column":104}},"70":{"start":{"line":178,"column":2},"end":{"line":178,"column":120}},"71":{"start":{"line":178,"column":23},"end":{"line":178,"column":120}},"72":{"start":{"line":180,"column":17},"end":{"line":180,"column":47}},"73":{"start":{"line":181,"column":16},"end":{"line":181,"column":69}},"74":{"start":{"line":182,"column":2},"end":{"line":182,"column":103}},"75":{"start":{"line":182,"column":14},"end":{"line":182,"column":103}},"76":{"start":{"line":184,"column":2},"end":{"line":193,"column":3}},"77":{"start":{"line":185,"column":20},"end":{"line":185,"column":49}},"78":{"start":{"line":186,"column":4},"end":{"line":188,"column":5}},"79":{"start":{"line":187,"column":6},"end":{"line":187,"column":70}},"80":{"start":{"line":189,"column":4},"end":{"line":189,"column":29}},"81":{"start":{"line":190,"column":4},"end":{"line":190,"column":11}},"82":{"start":{"line":192,"column":4},"end":{"line":192,"column":104}},"83":{"start":{"line":196,"column":0},"end":{"line":198,"column":3}},"84":{"start":{"line":197,"column":2},"end":{"line":197,"column":25}},"85":{"start":{"line":200,"column":12},"end":{"line":200,"column":62}},"86":{"start":{"line":200,"column":32},"end":{"line":200,"column":62}},"87":{"start":{"line":201,"column":12},"end":{"line":201,"column":62}},"88":{"start":{"line":201,"column":32},"end":{"line":201,"column":62}},"89":{"start":{"line":202,"column":12},"end":{"line":202,"column":62}},"90":{"start":{"line":202,"column":32},"end":{"line":202,"column":62}},"91":{"start":{"line":204,"column":17},"end":{"line":204,"column":20}},"92":{"start":{"line":205,"column":17},"end":{"line":205,"column":21}},"93":{"start":{"line":208,"column":2},"end":{"line":208,"column":43}},"94":{"start":{"line":208,"column":33},"end":{"line":208,"column":43}},"95":{"start":{"line":209,"column":19},"end":{"line":209,"column":55}},"96":{"start":{"line":210,"column":2},"end":{"line":210,"column":35}},"97":{"start":{"line":214,"column":2},"end":{"line":214,"column":53}},"98":{"start":{"line":218,"column":17},"end":{"line":218,"column":19}},"99":{"start":{"line":219,"column":14},"end":{"line":219,"column":16}},"100":{"start":{"line":221,"column":2},"end":{"line":225,"column":3}},"101":{"start":{"line":222,"column":16},"end":{"line":222,"column":32}},"102":{"start":{"line":223,"column":4},"end":{"line":223,"column":86}},"103":{"start":{"line":223,"column":55},"end":{"line":223,"column":86}},"104":{"start":{"line":224,"column":4},"end":{"line":224,"column":18}},"105":{"start":{"line":226,"column":2},"end":{"line":230,"column":3}},"106":{"start":{"line":227,"column":16},"end":{"line":227,"column":32}},"107":{"start":{"line":228,"column":4},"end":{"line":228,"column":88}},"108":{"start":{"line":228,"column":57},"end":{"line":228,"column":88}},"109":{"start":{"line":229,"column":4},"end":{"line":229,"column":18}},"110":{"start":{"line":231,"column":2},"end":{"line":235,"column":3}},"111":{"start":{"line":232,"column":18},"end":{"line":232,"column":49}},"112":{"start":{"line":233,"column":4},"end":{"line":233,"column":49}},"113":{"start":{"line":233,"column":16},"end":{"line":233,"column":49}},"114":{"start":{"line":234,"column":4},"end":{"line":234,"column":22}},"115":{"start":{"line":236,"column":2},"end":{"line":238,"column":3}},"116":{"start":{"line":237,"column":4},"end":{"line":237,"column":60}},"117":{"start":{"line":239,"column":2},"end":{"line":243,"column":3}},"118":{"start":{"line":240,"column":17},"end":{"line":240,"column":41}},"119":{"start":{"line":241,"column":4},"end":{"line":241,"column":47}},"120":{"start":{"line":241,"column":15},"end":{"line":241,"column":47}},"121":{"start":{"line":242,"column":4},"end":{"line":242,"column":20}},"122":{"start":{"line":244,"column":2},"end":{"line":259,"column":3}},"123":{"start":{"line":245,"column":18},"end":{"line":245,"column":73}},"124":{"start":{"line":246,"column":4},"end":{"line":258,"column":5}},"125":{"start":{"line":247,"column":6},"end":{"line":247,"column":21}},"126":{"start":{"line":248,"column":11},"end":{"line":258,"column":5}},"127":{"start":{"line":249,"column":6},"end":{"line":253,"column":7}},"128":{"start":{"line":250,"column":8},"end":{"line":250,"column":81}},"129":{"start":{"line":252,"column":8},"end":{"line":252,"column":26}},"130":{"start":{"line":254,"column":11},"end":{"line":258,"column":5}},"131":{"start":{"line":255,"column":6},"end":{"line":255,"column":39}},"132":{"start":{"line":257,"column":6},"end":{"line":257,"column":79}},"133":{"start":{"line":260,"column":2},"end":{"line":263,"column":3}},"134":{"start":{"line":261,"column":26},"end":{"line":261,"column":92}},"135":{"start":{"line":262,"column":4},"end":{"line":262,"column":84}},"136":{"start":{"line":265,"column":2},"end":{"line":265,"column":31}},"137":{"start":{"line":268,"column":20},"end":{"line":274,"column":2}},"138":{"start":{"line":277,"column":2},"end":{"line":277,"column":43}},"139":{"start":{"line":277,"column":33},"end":{"line":277,"column":43}},"140":{"start":{"line":278,"column":2},"end":{"line":278,"column":35}},"141":{"start":{"line":281,"column":0},"end":{"line":307,"column":3}},"142":{"start":{"line":282,"column":2},"end":{"line":282,"column":104}},"143":{"start":{"line":282,"column":19},"end":{"line":282,"column":104}},"144":{"start":{"line":284,"column":19},"end":{"line":284,"column":52}},"145":{"start":{"line":285,"column":19},"end":{"line":285,"column":82}},"146":{"start":{"line":286,"column":16},"end":{"line":286,"column":47}},"147":{"start":{"line":288,"column":2},"end":{"line":288,"column":97}},"148":{"start":{"line":288,"column":27},"end":{"line":288,"column":97}},"149":{"start":{"line":289,"column":2},"end":{"line":289,"column":97}},"150":{"start":{"line":289,"column":27},"end":{"line":289,"column":97}},"151":{"start":{"line":291,"column":19},"end":{"line":291,"column":75}},"152":{"start":{"line":292,"column":2},"end":{"line":292,"column":81}},"153":{"start":{"line":292,"column":16},"end":{"line":292,"column":81}},"154":{"start":{"line":294,"column":23},"end":{"line":294,"column":54}},"155":{"start":{"line":295,"column":15},"end":{"line":300,"column":3}},"156":{"start":{"line":302,"column":16},"end":{"line":302,"column":98}},"157":{"start":{"line":303,"column":2},"end":{"line":306,"column":5}},"158":{"start":{"line":309,"column":0},"end":{"line":333,"column":3}},"159":{"start":{"line":310,"column":2},"end":{"line":310,"column":104}},"160":{"start":{"line":310,"column":19},"end":{"line":310,"column":104}},"161":{"start":{"line":312,"column":19},"end":{"line":312,"column":52}},"162":{"start":{"line":313,"column":19},"end":{"line":313,"column":82}},"163":{"start":{"line":315,"column":15},"end":{"line":315,"column":70}},"164":{"start":{"line":316,"column":2},"end":{"line":316,"column":84}},"165":{"start":{"line":316,"column":13},"end":{"line":316,"column":84}},"166":{"start":{"line":318,"column":16},"end":{"line":318,"column":66}},"167":{"start":{"line":319,"column":2},"end":{"line":319,"column":85}},"168":{"start":{"line":319,"column":14},"end":{"line":319,"column":85}},"169":{"start":{"line":321,"column":16},"end":{"line":321,"column":100}},"170":{"start":{"line":322,"column":2},"end":{"line":332,"column":5}},"171":{"start":{"line":336,"column":2},"end":{"line":336,"column":104}},"172":{"start":{"line":336,"column":19},"end":{"line":336,"column":104}},"173":{"start":{"line":338,"column":17},"end":{"line":338,"column":47}},"174":{"start":{"line":339,"column":16},"end":{"line":339,"column":69}},"175":{"start":{"line":340,"column":2},"end":{"line":340,"column":102}},"176":{"start":{"line":340,"column":14},"end":{"line":340,"column":102}},"177":{"start":{"line":342,"column":2},"end":{"line":348,"column":3}},"178":{"start":{"line":343,"column":20},"end":{"line":343,"column":49}},"179":{"start":{"line":344,"column":4},"end":{"line":344,"column":29}},"180":{"start":{"line":345,"column":4},"end":{"line":345,"column":11}},"181":{"start":{"line":347,"column":4},"end":{"line":347,"column":104}},"182":{"start":{"line":352,"column":17},"end":{"line":352,"column":47}},"183":{"start":{"line":353,"column":16},"end":{"line":353,"column":69}},"184":{"start":{"line":354,"column":2},"end":{"line":361,"column":3}},"185":{"start":{"line":355,"column":4},"end":{"line":360,"column":5}},"186":{"start":{"line":356,"column":22},"end":{"line":356,"column":51}},"187":{"start":{"line":357,"column":6},"end":{"line":357,"column":31}},"188":{"start":{"line":362,"column":2},"end":{"line":362,"column":9}},"189":{"start":{"line":366,"column":2},"end":{"line":366,"column":24}},"190":{"start":{"line":366,"column":12},"end":{"line":366,"column":24}},"191":{"start":{"line":367,"column":2},"end":{"line":375,"column":4}},"192":{"start":{"line":378,"column":0},"end":{"line":382,"column":3}},"193":{"start":{"line":379,"column":15},"end":{"line":379,"column":66}},"194":{"start":{"line":380,"column":2},"end":{"line":380,"column":77}},"195":{"start":{"line":380,"column":13},"end":{"line":380,"column":77}},"196":{"start":{"line":381,"column":2},"end":{"line":381,"column":39}},"197":{"start":{"line":384,"column":0},"end":{"line":433,"column":3}},"198":{"start":{"line":385,"column":15},"end":{"line":385,"column":66}},"199":{"start":{"line":386,"column":2},"end":{"line":386,"column":77}},"200":{"start":{"line":386,"column":13},"end":{"line":386,"column":77}},"201":{"start":{"line":388,"column":17},"end":{"line":388,"column":19}},"202":{"start":{"line":389,"column":18},"end":{"line":389,"column":20}},"203":{"start":{"line":391,"column":2},"end":{"line":394,"column":3}},"204":{"start":{"line":392,"column":24},"end":{"line":392,"column":60}},"205":{"start":{"line":393,"column":4},"end":{"line":393,"column":47}},"206":{"start":{"line":396,"column":2},"end":{"line":398,"column":3}},"207":{"start":{"line":397,"column":4},"end":{"line":397,"column":55}},"208":{"start":{"line":400,"column":2},"end":{"line":402,"column":3}},"209":{"start":{"line":401,"column":4},"end":{"line":401,"column":59}},"210":{"start":{"line":404,"column":2},"end":{"line":419,"column":3}},"211":{"start":{"line":405,"column":19},"end":{"line":405,"column":84}},"212":{"start":{"line":406,"column":4},"end":{"line":418,"column":5}},"213":{"start":{"line":407,"column":6},"end":{"line":407,"column":28}},"214":{"start":{"line":408,"column":11},"end":{"line":418,"column":5}},"215":{"start":{"line":409,"column":6},"end":{"line":409,"column":30}},"216":{"start":{"line":410,"column":11},"end":{"line":418,"column":5}},"217":{"start":{"line":411,"column":6},"end":{"line":415,"column":7}},"218":{"start":{"line":412,"column":8},"end":{"line":412,"column":80}},"219":{"start":{"line":414,"column":8},"end":{"line":414,"column":32}},"220":{"start":{"line":417,"column":6},"end":{"line":417,"column":53}},"221":{"start":{"line":421,"column":2},"end":{"line":421,"column":79}},"222":{"start":{"line":421,"column":21},"end":{"line":421,"column":79}},"223":{"start":{"line":422,"column":2},"end":{"line":424,"column":3}},"224":{"start":{"line":423,"column":4},"end":{"line":423,"column":82}},"225":{"start":{"line":426,"column":17},"end":{"line":426,"column":37}},"226":{"start":{"line":427,"column":20},"end":{"line":427,"column":60}},"227":{"start":{"line":427,"column":38},"end":{"line":427,"column":48}},"228":{"start":{"line":428,"column":17},"end":{"line":428,"column":46}},"229":{"start":{"line":428,"column":35},"end":{"line":428,"column":45}},"230":{"start":{"line":429,"column":2},"end":{"line":429,"column":75}},"231":{"start":{"line":431,"column":18},"end":{"line":431,"column":69}},"232":{"start":{"line":432,"column":2},"end":{"line":432,"column":42}},"233":{"start":{"line":435,"column":0},"end":{"line":449,"column":3}},"234":{"start":{"line":436,"column":15},"end":{"line":436,"column":66}},"235":{"start":{"line":437,"column":2},"end":{"line":437,"column":77}},"236":{"start":{"line":437,"column":13},"end":{"line":437,"column":77}},"237":{"start":{"line":439,"column":26},"end":{"line":439,"column":103}},"238":{"start":{"line":440,"column":22},"end":{"line":440,"column":91}},"239":{"start":{"line":442,"column":16},"end":{"line":442,"column":73}},"240":{"start":{"line":443,"column":2},"end":{"line":443,"column":81}},"241":{"start":{"line":443,"column":14},"end":{"line":443,"column":81}},"242":{"start":{"line":444,"column":2},"end":{"line":444,"column":106}},"243":{"start":{"line":444,"column":30},"end":{"line":444,"column":106}},"244":{"start":{"line":446,"column":23},"end":{"line":446,"column":57}},"245":{"start":{"line":447,"column":2},"end":{"line":447,"column":83}},"246":{"start":{"line":448,"column":2},"end":{"line":448,"column":25}},"247":{"start":{"line":451,"column":0},"end":{"line":453,"column":3}},"248":{"start":{"line":452,"column":2},"end":{"line":452,"column":58}},"249":{"start":{"line":455,"column":0},"end":{"line":461,"column":3}},"250":{"start":{"line":456,"column":13},"end":{"line":456,"column":34}},"251":{"start":{"line":457,"column":2},"end":{"line":457,"column":86}},"252":{"start":{"line":457,"column":29},"end":{"line":457,"column":86}},"253":{"start":{"line":458,"column":14},"end":{"line":458,"column":59}},"254":{"start":{"line":459,"column":2},"end":{"line":459,"column":78}},"255":{"start":{"line":459,"column":12},"end":{"line":459,"column":78}},"256":{"start":{"line":460,"column":2},"end":{"line":460,"column":16}},"257":{"start":{"line":463,"column":0},"end":{"line":480,"column":3}},"258":{"start":{"line":464,"column":27},"end":{"line":464,"column":64}},"259":{"start":{"line":465,"column":2},"end":{"line":465,"column":79}},"260":{"start":{"line":465,"column":21},"end":{"line":465,"column":79}},"261":{"start":{"line":467,"column":15},"end":{"line":478,"column":3}},"262":{"start":{"line":479,"column":2},"end":{"line":479,"column":89}},"263":{"start":{"line":482,"column":0},"end":{"line":505,"column":3}},"264":{"start":{"line":483,"column":13},"end":{"line":483,"column":34}},"265":{"start":{"line":484,"column":2},"end":{"line":484,"column":86}},"266":{"start":{"line":484,"column":29},"end":{"line":484,"column":86}},"267":{"start":{"line":486,"column":19},"end":{"line":486,"column":64}},"268":{"start":{"line":487,"column":2},"end":{"line":487,"column":83}},"269":{"start":{"line":487,"column":17},"end":{"line":487,"column":83}},"270":{"start":{"line":489,"column":27},"end":{"line":489,"column":83}},"271":{"start":{"line":490,"column":2},"end":{"line":490,"column":79}},"272":{"start":{"line":490,"column":21},"end":{"line":490,"column":79}},"273":{"start":{"line":492,"column":2},"end":{"line":503,"column":4}},"274":{"start":{"line":504,"column":2},"end":{"line":504,"column":46}},"275":{"start":{"line":507,"column":0},"end":{"line":537,"column":3}},"276":{"start":{"line":508,"column":13},"end":{"line":508,"column":34}},"277":{"start":{"line":509,"column":2},"end":{"line":509,"column":86}},"278":{"start":{"line":509,"column":29},"end":{"line":509,"column":86}},"279":{"start":{"line":511,"column":19},"end":{"line":511,"column":64}},"280":{"start":{"line":512,"column":2},"end":{"line":512,"column":83}},"281":{"start":{"line":512,"column":17},"end":{"line":512,"column":83}},"282":{"start":{"line":514,"column":17},"end":{"line":514,"column":47}},"283":{"start":{"line":515,"column":16},"end":{"line":515,"column":69}},"284":{"start":{"line":516,"column":2},"end":{"line":518,"column":3}},"285":{"start":{"line":517,"column":4},"end":{"line":517,"column":99}},"286":{"start":{"line":521,"column":2},"end":{"line":525,"column":3}},"287":{"start":{"line":522,"column":4},"end":{"line":522,"column":44}},"288":{"start":{"line":524,"column":4},"end":{"line":524,"column":104}},"289":{"start":{"line":527,"column":18},"end":{"line":527,"column":80}},"290":{"start":{"line":528,"column":18},"end":{"line":528,"column":79}},"291":{"start":{"line":530,"column":2},"end":{"line":532,"column":3}},"292":{"start":{"line":531,"column":4},"end":{"line":531,"column":97}},"293":{"start":{"line":534,"column":15},"end":{"line":534,"column":58}},"294":{"start":{"line":535,"column":2},"end":{"line":535,"column":92}},"295":{"start":{"line":535,"column":26},"end":{"line":535,"column":92}},"296":{"start":{"line":536,"column":2},"end":{"line":536,"column":43}},"297":{"start":{"line":539,"column":0},"end":{"line":541,"column":3}},"298":{"start":{"line":540,"column":2},"end":{"line":540,"column":49}},"299":{"start":{"line":543,"column":0},"end":{"line":548,"column":3}},"300":{"start":{"line":544,"column":15},"end":{"line":544,"column":45}},"301":{"start":{"line":545,"column":14},"end":{"line":545,"column":71}},"302":{"start":{"line":546,"column":2},"end":{"line":546,"column":79}},"303":{"start":{"line":546,"column":12},"end":{"line":546,"column":79}},"304":{"start":{"line":547,"column":2},"end":{"line":547,"column":16}},"305":{"start":{"line":550,"column":0},"end":{"line":561,"column":3}},"306":{"start":{"line":551,"column":2},"end":{"line":560,"column":4}},"307":{"start":{"line":563,"column":0},"end":{"line":565,"column":3}},"308":{"start":{"line":564,"column":2},"end":{"line":564,"column":50}},"309":{"start":{"line":567,"column":0},"end":{"line":572,"column":3}},"310":{"start":{"line":568,"column":15},"end":{"line":568,"column":45}},"311":{"start":{"line":569,"column":15},"end":{"line":569,"column":82}},"312":{"start":{"line":570,"column":2},"end":{"line":570,"column":90}},"313":{"start":{"line":570,"column":25},"end":{"line":570,"column":90}},"314":{"start":{"line":571,"column":2},"end":{"line":571,"column":17}},"315":{"start":{"line":574,"column":0},"end":{"line":581,"column":3}},"316":{"start":{"line":575,"column":2},"end":{"line":580,"column":5}},"317":{"start":{"line":583,"column":19},"end":{"line":583,"column":49}},"318":{"start":{"line":584,"column":19},"end":{"line":584,"column":54}},"319":{"start":{"line":585,"column":19},"end":{"line":585,"column":44}},"320":{"start":{"line":586,"column":18},"end":{"line":586,"column":43}},"321":{"start":{"line":588,"column":0},"end":{"line":588,"column":99}},"322":{"start":{"line":589,"column":0},"end":{"line":589,"column":74}},"323":{"start":{"line":591,"column":0},"end":{"line":614,"column":3}},"324":{"start":{"line":592,"column":2},"end":{"line":592,"column":49}},"325":{"start":{"line":592,"column":17},"end":{"line":592,"column":49}},"326":{"start":{"line":593,"column":2},"end":{"line":613,"column":5}},"327":{"start":{"line":616,"column":0},"end":{"line":618,"column":1}},"328":{"start":{"line":617,"column":2},"end":{"line":617,"column":38}},"329":{"start":{"line":620,"column":0},"end":{"line":623,"column":3}},"330":{"start":{"line":621,"column":2},"end":{"line":621,"column":29}},"331":{"start":{"line":622,"column":2},"end":{"line":622,"column":81}},"332":{"start":{"line":625,"column":0},"end":{"line":633,"column":1}},"333":{"start":{"line":627,"column":2},"end":{"line":632,"column":5}},"334":{"start":{"line":628,"column":4},"end":{"line":628,"column":32}},"335":{"start":{"line":629,"column":4},"end":{"line":629,"column":67}},"336":{"start":{"line":630,"column":4},"end":{"line":630,"column":40}},"337":{"start":{"line":631,"column":4},"end":{"line":631,"column":32}},"338":{"start":{"line":635,"column":0},"end":{"line":635,"column":21}}},"fnMap":{"0":{"name":"(anonymous_0)","decl":{"start":{"line":18,"column":7},"end":{"line":18,"column":8}},"loc":{"start":{"line":18,"column":14},"end":{"line":18,"column":22}},"line":18},"1":{"name":"(anonymous_1)","decl":{"start":{"line":25,"column":10},"end":{"line":25,"column":11}},"loc":{"start":{"line":25,"column":20},"end":{"line":30,"column":1}},"line":25},"2":{"name":"(anonymous_2)","decl":{"start":{"line":78,"column":69},"end":{"line":78,"column":70}},"loc":{"start":{"line":78,"column":76},"end":{"line":78,"column":82}},"line":78},"3":{"name":"(anonymous_3)","decl":{"start":{"line":89,"column":73},"end":{"line":89,"column":74}},"loc":{"start":{"line":89,"column":80},"end":{"line":89,"column":86}},"line":89},"4":{"name":"(anonymous_4)","decl":{"start":{"line":149,"column":12},"end":{"line":149,"column":13}},"loc":{"start":{"line":149,"column":34},"end":{"line":153,"column":5}},"line":149},"5":{"name":"requireAdmin","decl":{"start":{"line":176,"column":9},"end":{"line":176,"column":21}},"loc":{"start":{"line":176,"column":38},"end":{"line":194,"column":1}},"line":176},"6":{"name":"(anonymous_6)","decl":{"start":{"line":196,"column":43},"end":{"line":196,"column":44}},"loc":{"start":{"line":196,"column":57},"end":{"line":198,"column":1}},"line":196},"7":{"name":"(anonymous_7)","decl":{"start":{"line":200,"column":12},"end":{"line":200,"column":13}},"loc":{"start":{"line":200,"column":32},"end":{"line":200,"column":62}},"line":200},"8":{"name":"(anonymous_8)","decl":{"start":{"line":201,"column":12},"end":{"line":201,"column":13}},"loc":{"start":{"line":201,"column":32},"end":{"line":201,"column":62}},"line":201},"9":{"name":"(anonymous_9)","decl":{"start":{"line":202,"column":12},"end":{"line":202,"column":13}},"loc":{"start":{"line":202,"column":32},"end":{"line":202,"column":62}},"line":202},"10":{"name":"cleanText","decl":{"start":{"line":207,"column":9},"end":{"line":207,"column":18}},"loc":{"start":{"line":207,"column":34},"end":{"line":211,"column":1}},"line":207},"11":{"name":"isFiniteNumber","decl":{"start":{"line":213,"column":9},"end":{"line":213,"column":23}},"loc":{"start":{"line":213,"column":27},"end":{"line":215,"column":1}},"line":213},"12":{"name":"validateReportPayload","decl":{"start":{"line":217,"column":9},"end":{"line":217,"column":30}},"loc":{"start":{"line":217,"column":63},"end":{"line":266,"column":1}},"line":217},"13":{"name":"cleanUsername","decl":{"start":{"line":276,"column":9},"end":{"line":276,"column":22}},"loc":{"start":{"line":276,"column":30},"end":{"line":279,"column":1}},"line":276},"14":{"name":"(anonymous_14)","decl":{"start":{"line":281,"column":44},"end":{"line":281,"column":45}},"loc":{"start":{"line":281,"column":64},"end":{"line":307,"column":1}},"line":281},"15":{"name":"(anonymous_15)","decl":{"start":{"line":309,"column":41},"end":{"line":309,"column":42}},"loc":{"start":{"line":309,"column":61},"end":{"line":333,"column":1}},"line":309},"16":{"name":"authenticateToken","decl":{"start":{"line":335,"column":9},"end":{"line":335,"column":26}},"loc":{"start":{"line":335,"column":43},"end":{"line":349,"column":1}},"line":335},"17":{"name":"authenticateOptional","decl":{"start":{"line":351,"column":9},"end":{"line":351,"column":29}},"loc":{"start":{"line":351,"column":46},"end":{"line":363,"column":1}},"line":351},"18":{"name":"publicUser","decl":{"start":{"line":365,"column":9},"end":{"line":365,"column":19}},"loc":{"start":{"line":365,"column":25},"end":{"line":376,"column":1}},"line":365},"19":{"name":"(anonymous_19)","decl":{"start":{"line":378,"column":43},"end":{"line":378,"column":44}},"loc":{"start":{"line":378,"column":57},"end":{"line":382,"column":1}},"line":378},"20":{"name":"(anonymous_20)","decl":{"start":{"line":384,"column":48},"end":{"line":384,"column":49}},"loc":{"start":{"line":384,"column":62},"end":{"line":433,"column":1}},"line":384},"21":{"name":"(anonymous_21)","decl":{"start":{"line":427,"column":31},"end":{"line":427,"column":32}},"loc":{"start":{"line":427,"column":38},"end":{"line":427,"column":48}},"line":427},"22":{"name":"(anonymous_22)","decl":{"start":{"line":428,"column":28},"end":{"line":428,"column":29}},"loc":{"start":{"line":428,"column":35},"end":{"line":428,"column":45}},"line":428},"23":{"name":"(anonymous_23)","decl":{"start":{"line":435,"column":62},"end":{"line":435,"column":63}},"loc":{"start":{"line":435,"column":82},"end":{"line":449,"column":1}},"line":435},"24":{"name":"(anonymous_24)","decl":{"start":{"line":451,"column":24},"end":{"line":451,"column":25}},"loc":{"start":{"line":451,"column":38},"end":{"line":453,"column":1}},"line":451},"25":{"name":"(anonymous_25)","decl":{"start":{"line":455,"column":28},"end":{"line":455,"column":29}},"loc":{"start":{"line":455,"column":42},"end":{"line":461,"column":1}},"line":455},"26":{"name":"(anonymous_26)","decl":{"start":{"line":463,"column":68},"end":{"line":463,"column":69}},"loc":{"start":{"line":463,"column":82},"end":{"line":480,"column":1}},"line":463},"27":{"name":"(anonymous_27)","decl":{"start":{"line":482,"column":42},"end":{"line":482,"column":43}},"loc":{"start":{"line":482,"column":56},"end":{"line":505,"column":1}},"line":482},"28":{"name":"(anonymous_28)","decl":{"start":{"line":507,"column":31},"end":{"line":507,"column":32}},"loc":{"start":{"line":507,"column":45},"end":{"line":537,"column":1}},"line":507},"29":{"name":"(anonymous_29)","decl":{"start":{"line":539,"column":22},"end":{"line":539,"column":23}},"loc":{"start":{"line":539,"column":36},"end":{"line":541,"column":1}},"line":539},"30":{"name":"(anonymous_30)","decl":{"start":{"line":543,"column":28},"end":{"line":543,"column":29}},"loc":{"start":{"line":543,"column":42},"end":{"line":548,"column":1}},"line":543},"31":{"name":"(anonymous_31)","decl":{"start":{"line":550,"column":27},"end":{"line":550,"column":28}},"loc":{"start":{"line":550,"column":41},"end":{"line":561,"column":1}},"line":550},"32":{"name":"(anonymous_32)","decl":{"start":{"line":563,"column":26},"end":{"line":563,"column":27}},"loc":{"start":{"line":563,"column":40},"end":{"line":565,"column":1}},"line":563},"33":{"name":"(anonymous_33)","decl":{"start":{"line":567,"column":32},"end":{"line":567,"column":33}},"loc":{"start":{"line":567,"column":46},"end":{"line":572,"column":1}},"line":567},"34":{"name":"(anonymous_34)","decl":{"start":{"line":574,"column":22},"end":{"line":574,"column":23}},"loc":{"start":{"line":574,"column":36},"end":{"line":581,"column":1}},"line":574},"35":{"name":"(anonymous_35)","decl":{"start":{"line":591,"column":13},"end":{"line":591,"column":14}},"loc":{"start":{"line":591,"column":27},"end":{"line":614,"column":1}},"line":591},"36":{"name":"(anonymous_36)","decl":{"start":{"line":620,"column":8},"end":{"line":620,"column":9}},"loc":{"start":{"line":620,"column":33},"end":{"line":623,"column":1}},"line":620},"37":{"name":"(anonymous_37)","decl":{"start":{"line":627,"column":19},"end":{"line":627,"column":20}},"loc":{"start":{"line":627,"column":25},"end":{"line":632,"column":3}},"line":627}},"branchMap":{"0":{"loc":{"start":{"line":13,"column":13},"end":{"line":13,"column":37}},"type":"binary-expr","locations":[{"start":{"line":13,"column":13},"end":{"line":13,"column":29}},{"start":{"line":13,"column":33},"end":{"line":13,"column":37}}],"line":13},"1":{"loc":{"start":{"line":14,"column":23},"end":{"line":14,"column":55}},"type":"binary-expr","locations":[{"start":{"line":14,"column":23},"end":{"line":14,"column":49}},{"start":{"line":14,"column":53},"end":{"line":14,"column":55}}],"line":14},"2":{"loc":{"start":{"line":15,"column":19},"end":{"line":15,"column":47}},"type":"binary-expr","locations":[{"start":{"line":15,"column":19},"end":{"line":15,"column":41}},{"start":{"line":15,"column":45},"end":{"line":15,"column":47}}],"line":15},"3":{"loc":{"start":{"line":16,"column":25},"end":{"line":16,"column":101}},"type":"binary-expr","locations":[{"start":{"line":16,"column":25},"end":{"line":16,"column":52}},{"start":{"line":16,"column":56},"end":{"line":16,"column":101}}],"line":16},"4":{"loc":{"start":{"line":26,"column":2},"end":{"line":29,"column":3}},"type":"if","locations":[{"start":{"line":26,"column":2},"end":{"line":29,"column":3}},{"start":{},"end":{}}],"line":26},"5":{"loc":{"start":{"line":28,"column":4},"end":{"line":28,"column":66}},"type":"if","locations":[{"start":{"line":28,"column":4},"end":{"line":28,"column":66}},{"start":{},"end":{}}],"line":28},"6":{"loc":{"start":{"line":34,"column":14},"end":{"line":34,"column":52}},"type":"binary-expr","locations":[{"start":{"line":34,"column":14},"end":{"line":34,"column":33}},{"start":{"line":34,"column":37},"end":{"line":34,"column":52}}],"line":34},"7":{"loc":{"start":{"line":36,"column":0},"end":{"line":46,"column":1}},"type":"if","locations":[{"start":{"line":36,"column":0},"end":{"line":46,"column":1}},{"start":{},"end":{}}],"line":36},"8":{"loc":{"start":{"line":36,"column":4},"end":{"line":36,"column":41}},"type":"binary-expr","locations":[{"start":{"line":36,"column":4},"end":{"line":36,"column":17}},{"start":{"line":36,"column":21},"end":{"line":36,"column":41}}],"line":36},"9":{"loc":{"start":{"line":39,"column":4},"end":{"line":41,"column":5}},"type":"if","locations":[{"start":{"line":39,"column":4},"end":{"line":41,"column":5}},{"start":{},"end":{}}],"line":39},"10":{"loc":{"start":{"line":48,"column":0},"end":{"line":52,"column":1}},"type":"if","locations":[{"start":{"line":48,"column":0},"end":{"line":52,"column":1}},{"start":{},"end":{}}],"line":48},"11":{"loc":{"start":{"line":53,"column":0},"end":{"line":57,"column":1}},"type":"if","locations":[{"start":{"line":53,"column":0},"end":{"line":57,"column":1}},{"start":{},"end":{}}],"line":53},"12":{"loc":{"start":{"line":59,"column":0},"end":{"line":63,"column":1}},"type":"if","locations":[{"start":{"line":59,"column":0},"end":{"line":63,"column":1}},{"start":{},"end":{}}],"line":59},"13":{"loc":{"start":{"line":79,"column":0},"end":{"line":81,"column":1}},"type":"if","locations":[{"start":{"line":79,"column":0},"end":{"line":81,"column":1}},{"start":{},"end":{}}],"line":79},"14":{"loc":{"start":{"line":82,"column":0},"end":{"line":84,"column":1}},"type":"if","locations":[{"start":{"line":82,"column":0},"end":{"line":84,"column":1}},{"start":{},"end":{}}],"line":82},"15":{"loc":{"start":{"line":85,"column":0},"end":{"line":87,"column":1}},"type":"if","locations":[{"start":{"line":85,"column":0},"end":{"line":87,"column":1}},{"start":{},"end":{}}],"line":85},"16":{"loc":{"start":{"line":90,"column":0},"end":{"line":92,"column":1}},"type":"if","locations":[{"start":{"line":90,"column":0},"end":{"line":92,"column":1}},{"start":{},"end":{}}],"line":90},"17":{"loc":{"start":{"line":99,"column":0},"end":{"line":101,"column":1}},"type":"if","locations":[{"start":{"line":99,"column":0},"end":{"line":101,"column":1}},{"start":{},"end":{}}],"line":99},"18":{"loc":{"start":{"line":150,"column":6},"end":{"line":150,"column":47}},"type":"if","locations":[{"start":{"line":150,"column":6},"end":{"line":150,"column":47}},{"start":{},"end":{}}],"line":150},"19":{"loc":{"start":{"line":151,"column":6},"end":{"line":151,"column":72}},"type":"if","locations":[{"start":{"line":151,"column":6},"end":{"line":151,"column":72}},{"start":{},"end":{}}],"line":151},"20":{"loc":{"start":{"line":177,"column":2},"end":{"line":177,"column":104}},"type":"if","locations":[{"start":{"line":177,"column":2},"end":{"line":177,"column":104}},{"start":{},"end":{}}],"line":177},"21":{"loc":{"start":{"line":178,"column":2},"end":{"line":178,"column":120}},"type":"if","locations":[{"start":{"line":178,"column":2},"end":{"line":178,"column":120}},{"start":{},"end":{}}],"line":178},"22":{"loc":{"start":{"line":180,"column":17},"end":{"line":180,"column":47}},"type":"binary-expr","locations":[{"start":{"line":180,"column":17},"end":{"line":180,"column":41}},{"start":{"line":180,"column":45},"end":{"line":180,"column":47}}],"line":180},"23":{"loc":{"start":{"line":181,"column":16},"end":{"line":181,"column":69}},"type":"cond-expr","locations":[{"start":{"line":181,"column":47},"end":{"line":181,"column":62}},{"start":{"line":181,"column":65},"end":{"line":181,"column":69}}],"line":181},"24":{"loc":{"start":{"line":182,"column":2},"end":{"line":182,"column":103}},"type":"if","locations":[{"start":{"line":182,"column":2},"end":{"line":182,"column":103}},{"start":{},"end":{}}],"line":182},"25":{"loc":{"start":{"line":186,"column":4},"end":{"line":188,"column":5}},"type":"if","locations":[{"start":{"line":186,"column":4},"end":{"line":188,"column":5}},{"start":{},"end":{}}],"line":186},"26":{"loc":{"start":{"line":208,"column":2},"end":{"line":208,"column":43}},"type":"if","locations":[{"start":{"line":208,"column":2},"end":{"line":208,"column":43}},{"start":{},"end":{}}],"line":208},"27":{"loc":{"start":{"line":214,"column":9},"end":{"line":214,"column":52}},"type":"binary-expr","locations":[{"start":{"line":214,"column":9},"end":{"line":214,"column":30}},{"start":{"line":214,"column":34},"end":{"line":214,"column":52}}],"line":214},"28":{"loc":{"start":{"line":217,"column":37},"end":{"line":217,"column":61}},"type":"default-arg","locations":[{"start":{"line":217,"column":59},"end":{"line":217,"column":61}}],"line":217},"29":{"loc":{"start":{"line":217,"column":39},"end":{"line":217,"column":54}},"type":"default-arg","locations":[{"start":{"line":217,"column":49},"end":{"line":217,"column":54}}],"line":217},"30":{"loc":{"start":{"line":221,"column":2},"end":{"line":225,"column":3}},"type":"if","locations":[{"start":{"line":221,"column":2},"end":{"line":225,"column":3}},{"start":{},"end":{}}],"line":221},"31":{"loc":{"start":{"line":221,"column":6},"end":{"line":221,"column":40}},"type":"binary-expr","locations":[{"start":{"line":221,"column":6},"end":{"line":221,"column":14}},{"start":{"line":221,"column":18},"end":{"line":221,"column":40}}],"line":221},"32":{"loc":{"start":{"line":223,"column":4},"end":{"line":223,"column":86}},"type":"if","locations":[{"start":{"line":223,"column":4},"end":{"line":223,"column":86}},{"start":{},"end":{}}],"line":223},"33":{"loc":{"start":{"line":223,"column":8},"end":{"line":223,"column":53}},"type":"binary-expr","locations":[{"start":{"line":223,"column":8},"end":{"line":223,"column":28}},{"start":{"line":223,"column":32},"end":{"line":223,"column":41}},{"start":{"line":223,"column":45},"end":{"line":223,"column":53}}],"line":223},"34":{"loc":{"start":{"line":226,"column":2},"end":{"line":230,"column":3}},"type":"if","locations":[{"start":{"line":226,"column":2},"end":{"line":230,"column":3}},{"start":{},"end":{}}],"line":226},"35":{"loc":{"start":{"line":226,"column":6},"end":{"line":226,"column":40}},"type":"binary-expr","locations":[{"start":{"line":226,"column":6},"end":{"line":226,"column":14}},{"start":{"line":226,"column":18},"end":{"line":226,"column":40}}],"line":226},"36":{"loc":{"start":{"line":228,"column":4},"end":{"line":228,"column":88}},"type":"if","locations":[{"start":{"line":228,"column":4},"end":{"line":228,"column":88}},{"start":{},"end":{}}],"line":228},"37":{"loc":{"start":{"line":228,"column":8},"end":{"line":228,"column":55}},"type":"binary-expr","locations":[{"start":{"line":228,"column":8},"end":{"line":228,"column":28}},{"start":{"line":228,"column":32},"end":{"line":228,"column":42}},{"start":{"line":228,"column":46},"end":{"line":228,"column":55}}],"line":228},"38":{"loc":{"start":{"line":231,"column":2},"end":{"line":235,"column":3}},"type":"if","locations":[{"start":{"line":231,"column":2},"end":{"line":235,"column":3}},{"start":{},"end":{}}],"line":231},"39":{"loc":{"start":{"line":231,"column":6},"end":{"line":231,"column":42}},"type":"binary-expr","locations":[{"start":{"line":231,"column":6},"end":{"line":231,"column":14}},{"start":{"line":231,"column":18},"end":{"line":231,"column":42}}],"line":231},"40":{"loc":{"start":{"line":233,"column":4},"end":{"line":233,"column":49}},"type":"if","locations":[{"start":{"line":233,"column":4},"end":{"line":233,"column":49}},{"start":{},"end":{}}],"line":233},"41":{"loc":{"start":{"line":236,"column":2},"end":{"line":238,"column":3}},"type":"if","locations":[{"start":{"line":236,"column":2},"end":{"line":238,"column":3}},{"start":{},"end":{}}],"line":236},"42":{"loc":{"start":{"line":236,"column":6},"end":{"line":236,"column":48}},"type":"binary-expr","locations":[{"start":{"line":236,"column":6},"end":{"line":236,"column":14}},{"start":{"line":236,"column":18},"end":{"line":236,"column":48}}],"line":236},"43":{"loc":{"start":{"line":239,"column":2},"end":{"line":243,"column":3}},"type":"if","locations":[{"start":{"line":239,"column":2},"end":{"line":243,"column":3}},{"start":{},"end":{}}],"line":239},"44":{"loc":{"start":{"line":239,"column":6},"end":{"line":239,"column":41}},"type":"binary-expr","locations":[{"start":{"line":239,"column":6},"end":{"line":239,"column":14}},{"start":{"line":239,"column":18},"end":{"line":239,"column":41}}],"line":239},"45":{"loc":{"start":{"line":241,"column":4},"end":{"line":241,"column":47}},"type":"if","locations":[{"start":{"line":241,"column":4},"end":{"line":241,"column":47}},{"start":{},"end":{}}],"line":241},"46":{"loc":{"start":{"line":244,"column":2},"end":{"line":259,"column":3}},"type":"if","locations":[{"start":{"line":244,"column":2},"end":{"line":259,"column":3}},{"start":{},"end":{}}],"line":244},"47":{"loc":{"start":{"line":245,"column":18},"end":{"line":245,"column":73}},"type":"cond-expr","locations":[{"start":{"line":245,"column":51},"end":{"line":245,"column":68}},{"start":{"line":245,"column":71},"end":{"line":245,"column":73}}],"line":245},"48":{"loc":{"start":{"line":246,"column":4},"end":{"line":258,"column":5}},"type":"if","locations":[{"start":{"line":246,"column":4},"end":{"line":258,"column":5}},{"start":{"line":248,"column":11},"end":{"line":258,"column":5}}],"line":246},"49":{"loc":{"start":{"line":248,"column":11},"end":{"line":258,"column":5}},"type":"if","locations":[{"start":{"line":248,"column":11},"end":{"line":258,"column":5}},{"start":{"line":254,"column":11},"end":{"line":258,"column":5}}],"line":248},"50":{"loc":{"start":{"line":249,"column":6},"end":{"line":253,"column":7}},"type":"if","locations":[{"start":{"line":249,"column":6},"end":{"line":253,"column":7}},{"start":{"line":251,"column":13},"end":{"line":253,"column":7}}],"line":249},"51":{"loc":{"start":{"line":254,"column":11},"end":{"line":258,"column":5}},"type":"if","locations":[{"start":{"line":254,"column":11},"end":{"line":258,"column":5}},{"start":{"line":256,"column":11},"end":{"line":258,"column":5}}],"line":254},"52":{"loc":{"start":{"line":260,"column":2},"end":{"line":263,"column":3}},"type":"if","locations":[{"start":{"line":260,"column":2},"end":{"line":263,"column":3}},{"start":{},"end":{}}],"line":260},"53":{"loc":{"start":{"line":262,"column":17},"end":{"line":262,"column":83}},"type":"cond-expr","locations":[{"start":{"line":262,"column":55},"end":{"line":262,"column":66}},{"start":{"line":262,"column":69},"end":{"line":262,"column":83}}],"line":262},"54":{"loc":{"start":{"line":277,"column":2},"end":{"line":277,"column":43}},"type":"if","locations":[{"start":{"line":277,"column":2},"end":{"line":277,"column":43}},{"start":{},"end":{}}],"line":277},"55":{"loc":{"start":{"line":282,"column":2},"end":{"line":282,"column":104}},"type":"if","locations":[{"start":{"line":282,"column":2},"end":{"line":282,"column":104}},{"start":{},"end":{}}],"line":282},"56":{"loc":{"start":{"line":285,"column":19},"end":{"line":285,"column":82}},"type":"cond-expr","locations":[{"start":{"line":285,"column":60},"end":{"line":285,"column":77}},{"start":{"line":285,"column":80},"end":{"line":285,"column":82}}],"line":285},"57":{"loc":{"start":{"line":288,"column":2},"end":{"line":288,"column":97}},"type":"if","locations":[{"start":{"line":288,"column":2},"end":{"line":288,"column":97}},{"start":{},"end":{}}],"line":288},"58":{"loc":{"start":{"line":289,"column":2},"end":{"line":289,"column":97}},"type":"if","locations":[{"start":{"line":289,"column":2},"end":{"line":289,"column":97}},{"start":{},"end":{}}],"line":289},"59":{"loc":{"start":{"line":292,"column":2},"end":{"line":292,"column":81}},"type":"if","locations":[{"start":{"line":292,"column":2},"end":{"line":292,"column":81}},{"start":{},"end":{}}],"line":292},"60":{"loc":{"start":{"line":298,"column":4},"end":{"line":298,"column":17}},"type":"binary-expr","locations":[{"start":{"line":298,"column":4},"end":{"line":298,"column":9}},{"start":{"line":298,"column":13},"end":{"line":298,"column":17}}],"line":298},"61":{"loc":{"start":{"line":305,"column":55},"end":{"line":305,"column":68}},"type":"binary-expr","locations":[{"start":{"line":305,"column":55},"end":{"line":305,"column":60}},{"start":{"line":305,"column":64},"end":{"line":305,"column":68}}],"line":305},"62":{"loc":{"start":{"line":310,"column":2},"end":{"line":310,"column":104}},"type":"if","locations":[{"start":{"line":310,"column":2},"end":{"line":310,"column":104}},{"start":{},"end":{}}],"line":310},"63":{"loc":{"start":{"line":313,"column":19},"end":{"line":313,"column":82}},"type":"cond-expr","locations":[{"start":{"line":313,"column":60},"end":{"line":313,"column":77}},{"start":{"line":313,"column":80},"end":{"line":313,"column":82}}],"line":313},"64":{"loc":{"start":{"line":316,"column":2},"end":{"line":316,"column":84}},"type":"if","locations":[{"start":{"line":316,"column":2},"end":{"line":316,"column":84}},{"start":{},"end":{}}],"line":316},"65":{"loc":{"start":{"line":319,"column":2},"end":{"line":319,"column":85}},"type":"if","locations":[{"start":{"line":319,"column":2},"end":{"line":319,"column":85}},{"start":{},"end":{}}],"line":319},"66":{"loc":{"start":{"line":336,"column":2},"end":{"line":336,"column":104}},"type":"if","locations":[{"start":{"line":336,"column":2},"end":{"line":336,"column":104}},{"start":{},"end":{}}],"line":336},"67":{"loc":{"start":{"line":338,"column":17},"end":{"line":338,"column":47}},"type":"binary-expr","locations":[{"start":{"line":338,"column":17},"end":{"line":338,"column":41}},{"start":{"line":338,"column":45},"end":{"line":338,"column":47}}],"line":338},"68":{"loc":{"start":{"line":339,"column":16},"end":{"line":339,"column":69}},"type":"cond-expr","locations":[{"start":{"line":339,"column":47},"end":{"line":339,"column":62}},{"start":{"line":339,"column":65},"end":{"line":339,"column":69}}],"line":339},"69":{"loc":{"start":{"line":340,"column":2},"end":{"line":340,"column":102}},"type":"if","locations":[{"start":{"line":340,"column":2},"end":{"line":340,"column":102}},{"start":{},"end":{}}],"line":340},"70":{"loc":{"start":{"line":352,"column":17},"end":{"line":352,"column":47}},"type":"binary-expr","locations":[{"start":{"line":352,"column":17},"end":{"line":352,"column":41}},{"start":{"line":352,"column":45},"end":{"line":352,"column":47}}],"line":352},"71":{"loc":{"start":{"line":353,"column":16},"end":{"line":353,"column":69}},"type":"cond-expr","locations":[{"start":{"line":353,"column":47},"end":{"line":353,"column":62}},{"start":{"line":353,"column":65},"end":{"line":353,"column":69}}],"line":353},"72":{"loc":{"start":{"line":354,"column":2},"end":{"line":361,"column":3}},"type":"if","locations":[{"start":{"line":354,"column":2},"end":{"line":361,"column":3}},{"start":{},"end":{}}],"line":354},"73":{"loc":{"start":{"line":354,"column":6},"end":{"line":354,"column":25}},"type":"binary-expr","locations":[{"start":{"line":354,"column":6},"end":{"line":354,"column":11}},{"start":{"line":354,"column":15},"end":{"line":354,"column":25}}],"line":354},"74":{"loc":{"start":{"line":366,"column":2},"end":{"line":366,"column":24}},"type":"if","locations":[{"start":{"line":366,"column":2},"end":{"line":366,"column":24}},{"start":{},"end":{}}],"line":366},"75":{"loc":{"start":{"line":380,"column":2},"end":{"line":380,"column":77}},"type":"if","locations":[{"start":{"line":380,"column":2},"end":{"line":380,"column":77}},{"start":{},"end":{}}],"line":380},"76":{"loc":{"start":{"line":386,"column":2},"end":{"line":386,"column":77}},"type":"if","locations":[{"start":{"line":386,"column":2},"end":{"line":386,"column":77}},{"start":{},"end":{}}],"line":386},"77":{"loc":{"start":{"line":391,"column":2},"end":{"line":394,"column":3}},"type":"if","locations":[{"start":{"line":391,"column":2},"end":{"line":394,"column":3}},{"start":{},"end":{}}],"line":391},"78":{"loc":{"start":{"line":393,"column":27},"end":{"line":393,"column":46}},"type":"binary-expr","locations":[{"start":{"line":393,"column":27},"end":{"line":393,"column":38}},{"start":{"line":393,"column":42},"end":{"line":393,"column":46}}],"line":393},"79":{"loc":{"start":{"line":396,"column":2},"end":{"line":398,"column":3}},"type":"if","locations":[{"start":{"line":396,"column":2},"end":{"line":398,"column":3}},{"start":{},"end":{}}],"line":396},"80":{"loc":{"start":{"line":397,"column":18},"end":{"line":397,"column":54}},"type":"binary-expr","locations":[{"start":{"line":397,"column":18},"end":{"line":397,"column":46}},{"start":{"line":397,"column":50},"end":{"line":397,"column":54}}],"line":397},"81":{"loc":{"start":{"line":400,"column":2},"end":{"line":402,"column":3}},"type":"if","locations":[{"start":{"line":400,"column":2},"end":{"line":402,"column":3}},{"start":{},"end":{}}],"line":400},"82":{"loc":{"start":{"line":401,"column":20},"end":{"line":401,"column":58}},"type":"binary-expr","locations":[{"start":{"line":401,"column":20},"end":{"line":401,"column":50}},{"start":{"line":401,"column":54},"end":{"line":401,"column":58}}],"line":401},"83":{"loc":{"start":{"line":404,"column":2},"end":{"line":419,"column":3}},"type":"if","locations":[{"start":{"line":404,"column":2},"end":{"line":419,"column":3}},{"start":{},"end":{}}],"line":404},"84":{"loc":{"start":{"line":405,"column":19},"end":{"line":405,"column":84}},"type":"cond-expr","locations":[{"start":{"line":405,"column":57},"end":{"line":405,"column":79}},{"start":{"line":405,"column":82},"end":{"line":405,"column":84}}],"line":405},"85":{"loc":{"start":{"line":406,"column":4},"end":{"line":418,"column":5}},"type":"if","locations":[{"start":{"line":406,"column":4},"end":{"line":418,"column":5}},{"start":{"line":408,"column":11},"end":{"line":418,"column":5}}],"line":406},"86":{"loc":{"start":{"line":408,"column":11},"end":{"line":418,"column":5}},"type":"if","locations":[{"start":{"line":408,"column":11},"end":{"line":418,"column":5}},{"start":{"line":410,"column":11},"end":{"line":418,"column":5}}],"line":408},"87":{"loc":{"start":{"line":410,"column":11},"end":{"line":418,"column":5}},"type":"if","locations":[{"start":{"line":410,"column":11},"end":{"line":418,"column":5}},{"start":{"line":416,"column":11},"end":{"line":418,"column":5}}],"line":410},"88":{"loc":{"start":{"line":411,"column":6},"end":{"line":415,"column":7}},"type":"if","locations":[{"start":{"line":411,"column":6},"end":{"line":415,"column":7}},{"start":{"line":413,"column":13},"end":{"line":415,"column":7}}],"line":411},"89":{"loc":{"start":{"line":421,"column":2},"end":{"line":421,"column":79}},"type":"if","locations":[{"start":{"line":421,"column":2},"end":{"line":421,"column":79}},{"start":{},"end":{}}],"line":421},"90":{"loc":{"start":{"line":422,"column":2},"end":{"line":424,"column":3}},"type":"if","locations":[{"start":{"line":422,"column":2},"end":{"line":424,"column":3}},{"start":{},"end":{}}],"line":422},"91":{"loc":{"start":{"line":437,"column":2},"end":{"line":437,"column":77}},"type":"if","locations":[{"start":{"line":437,"column":2},"end":{"line":437,"column":77}},{"start":{},"end":{}}],"line":437},"92":{"loc":{"start":{"line":439,"column":26},"end":{"line":439,"column":103}},"type":"cond-expr","locations":[{"start":{"line":439,"column":74},"end":{"line":439,"column":98}},{"start":{"line":439,"column":101},"end":{"line":439,"column":103}}],"line":439},"93":{"loc":{"start":{"line":440,"column":22},"end":{"line":440,"column":91}},"type":"cond-expr","locations":[{"start":{"line":440,"column":66},"end":{"line":440,"column":86}},{"start":{"line":440,"column":89},"end":{"line":440,"column":91}}],"line":440},"94":{"loc":{"start":{"line":443,"column":2},"end":{"line":443,"column":81}},"type":"if","locations":[{"start":{"line":443,"column":2},"end":{"line":443,"column":81}},{"start":{},"end":{}}],"line":443},"95":{"loc":{"start":{"line":444,"column":2},"end":{"line":444,"column":106}},"type":"if","locations":[{"start":{"line":444,"column":2},"end":{"line":444,"column":106}},{"start":{},"end":{}}],"line":444},"96":{"loc":{"start":{"line":457,"column":2},"end":{"line":457,"column":86}},"type":"if","locations":[{"start":{"line":457,"column":2},"end":{"line":457,"column":86}},{"start":{},"end":{}}],"line":457},"97":{"loc":{"start":{"line":459,"column":2},"end":{"line":459,"column":78}},"type":"if","locations":[{"start":{"line":459,"column":2},"end":{"line":459,"column":78}},{"start":{},"end":{}}],"line":459},"98":{"loc":{"start":{"line":464,"column":49},"end":{"line":464,"column":63}},"type":"binary-expr","locations":[{"start":{"line":464,"column":49},"end":{"line":464,"column":57}},{"start":{"line":464,"column":61},"end":{"line":464,"column":63}}],"line":464},"99":{"loc":{"start":{"line":465,"column":2},"end":{"line":465,"column":79}},"type":"if","locations":[{"start":{"line":465,"column":2},"end":{"line":465,"column":79}},{"start":{},"end":{}}],"line":465},"100":{"loc":{"start":{"line":473,"column":4},"end":{"line":473,"column":26}},"type":"binary-expr","locations":[{"start":{"line":473,"column":4},"end":{"line":473,"column":20}},{"start":{"line":473,"column":24},"end":{"line":473,"column":26}}],"line":473},"101":{"loc":{"start":{"line":474,"column":4},"end":{"line":474,"column":20}},"type":"binary-expr","locations":[{"start":{"line":474,"column":4},"end":{"line":474,"column":14}},{"start":{"line":474,"column":18},"end":{"line":474,"column":20}}],"line":474},"102":{"loc":{"start":{"line":475,"column":4},"end":{"line":475,"column":33}},"type":"binary-expr","locations":[{"start":{"line":475,"column":4},"end":{"line":475,"column":15}},{"start":{"line":475,"column":19},"end":{"line":475,"column":33}}],"line":475},"103":{"loc":{"start":{"line":477,"column":4},"end":{"line":477,"column":22}},"type":"binary-expr","locations":[{"start":{"line":477,"column":4},"end":{"line":477,"column":14}},{"start":{"line":477,"column":18},"end":{"line":477,"column":22}}],"line":477},"104":{"loc":{"start":{"line":484,"column":2},"end":{"line":484,"column":86}},"type":"if","locations":[{"start":{"line":484,"column":2},"end":{"line":484,"column":86}},{"start":{},"end":{}}],"line":484},"105":{"loc":{"start":{"line":487,"column":2},"end":{"line":487,"column":83}},"type":"if","locations":[{"start":{"line":487,"column":2},"end":{"line":487,"column":83}},{"start":{},"end":{}}],"line":487},"106":{"loc":{"start":{"line":489,"column":49},"end":{"line":489,"column":63}},"type":"binary-expr","locations":[{"start":{"line":489,"column":49},"end":{"line":489,"column":57}},{"start":{"line":489,"column":61},"end":{"line":489,"column":63}}],"line":489},"107":{"loc":{"start":{"line":490,"column":2},"end":{"line":490,"column":79}},"type":"if","locations":[{"start":{"line":490,"column":2},"end":{"line":490,"column":79}},{"start":{},"end":{}}],"line":490},"108":{"loc":{"start":{"line":495,"column":4},"end":{"line":495,"column":28}},"type":"binary-expr","locations":[{"start":{"line":495,"column":4},"end":{"line":495,"column":12}},{"start":{"line":495,"column":16},"end":{"line":495,"column":28}}],"line":495},"109":{"loc":{"start":{"line":496,"column":4},"end":{"line":496,"column":28}},"type":"binary-expr","locations":[{"start":{"line":496,"column":4},"end":{"line":496,"column":12}},{"start":{"line":496,"column":16},"end":{"line":496,"column":28}}],"line":496},"110":{"loc":{"start":{"line":497,"column":4},"end":{"line":497,"column":32}},"type":"binary-expr","locations":[{"start":{"line":497,"column":4},"end":{"line":497,"column":14}},{"start":{"line":497,"column":18},"end":{"line":497,"column":32}}],"line":497},"111":{"loc":{"start":{"line":498,"column":4},"end":{"line":498,"column":44}},"type":"binary-expr","locations":[{"start":{"line":498,"column":4},"end":{"line":498,"column":20}},{"start":{"line":498,"column":24},"end":{"line":498,"column":44}}],"line":498},"112":{"loc":{"start":{"line":499,"column":4},"end":{"line":499,"column":32}},"type":"binary-expr","locations":[{"start":{"line":499,"column":4},"end":{"line":499,"column":14}},{"start":{"line":499,"column":18},"end":{"line":499,"column":32}}],"line":499},"113":{"loc":{"start":{"line":500,"column":4},"end":{"line":500,"column":34}},"type":"binary-expr","locations":[{"start":{"line":500,"column":4},"end":{"line":500,"column":15}},{"start":{"line":500,"column":19},"end":{"line":500,"column":34}}],"line":500},"114":{"loc":{"start":{"line":501,"column":4},"end":{"line":501,"column":30}},"type":"binary-expr","locations":[{"start":{"line":501,"column":4},"end":{"line":501,"column":13}},{"start":{"line":501,"column":17},"end":{"line":501,"column":30}}],"line":501},"115":{"loc":{"start":{"line":509,"column":2},"end":{"line":509,"column":86}},"type":"if","locations":[{"start":{"line":509,"column":2},"end":{"line":509,"column":86}},{"start":{},"end":{}}],"line":509},"116":{"loc":{"start":{"line":512,"column":2},"end":{"line":512,"column":83}},"type":"if","locations":[{"start":{"line":512,"column":2},"end":{"line":512,"column":83}},{"start":{},"end":{}}],"line":512},"117":{"loc":{"start":{"line":514,"column":17},"end":{"line":514,"column":47}},"type":"binary-expr","locations":[{"start":{"line":514,"column":17},"end":{"line":514,"column":41}},{"start":{"line":514,"column":45},"end":{"line":514,"column":47}}],"line":514},"118":{"loc":{"start":{"line":515,"column":16},"end":{"line":515,"column":69}},"type":"cond-expr","locations":[{"start":{"line":515,"column":47},"end":{"line":515,"column":62}},{"start":{"line":515,"column":65},"end":{"line":515,"column":69}}],"line":515},"119":{"loc":{"start":{"line":516,"column":2},"end":{"line":518,"column":3}},"type":"if","locations":[{"start":{"line":516,"column":2},"end":{"line":518,"column":3}},{"start":{},"end":{}}],"line":516},"120":{"loc":{"start":{"line":516,"column":6},"end":{"line":516,"column":27}},"type":"binary-expr","locations":[{"start":{"line":516,"column":6},"end":{"line":516,"column":12}},{"start":{"line":516,"column":16},"end":{"line":516,"column":27}}],"line":516},"121":{"loc":{"start":{"line":527,"column":18},"end":{"line":527,"column":80}},"type":"binary-expr","locations":[{"start":{"line":527,"column":18},"end":{"line":527,"column":41}},{"start":{"line":527,"column":45},"end":{"line":527,"column":80}}],"line":527},"122":{"loc":{"start":{"line":528,"column":18},"end":{"line":528,"column":79}},"type":"binary-expr","locations":[{"start":{"line":528,"column":18},"end":{"line":528,"column":43}},{"start":{"line":528,"column":47},"end":{"line":528,"column":79}}],"line":528},"123":{"loc":{"start":{"line":530,"column":2},"end":{"line":532,"column":3}},"type":"if","locations":[{"start":{"line":530,"column":2},"end":{"line":532,"column":3}},{"start":{},"end":{}}],"line":530},"124":{"loc":{"start":{"line":530,"column":6},"end":{"line":530,"column":26}},"type":"binary-expr","locations":[{"start":{"line":530,"column":6},"end":{"line":530,"column":14}},{"start":{"line":530,"column":18},"end":{"line":530,"column":26}}],"line":530},"125":{"loc":{"start":{"line":535,"column":2},"end":{"line":535,"column":92}},"type":"if","locations":[{"start":{"line":535,"column":2},"end":{"line":535,"column":92}},{"start":{},"end":{}}],"line":535},"126":{"loc":{"start":{"line":546,"column":2},"end":{"line":546,"column":79}},"type":"if","locations":[{"start":{"line":546,"column":2},"end":{"line":546,"column":79}},{"start":{},"end":{}}],"line":546},"127":{"loc":{"start":{"line":570,"column":2},"end":{"line":570,"column":90}},"type":"if","locations":[{"start":{"line":570,"column":2},"end":{"line":570,"column":90}},{"start":{},"end":{}}],"line":570},"128":{"loc":{"start":{"line":588,"column":47},"end":{"line":588,"column":95}},"type":"cond-expr","locations":[{"start":{"line":588,"column":60},"end":{"line":588,"column":85}},{"start":{"line":588,"column":88},"end":{"line":588,"column":95}}],"line":588},"129":{"loc":{"start":{"line":589,"column":44},"end":{"line":589,"column":70}},"type":"cond-expr","locations":[{"start":{"line":589,"column":56},"end":{"line":589,"column":60}},{"start":{"line":589,"column":63},"end":{"line":589,"column":70}}],"line":589},"130":{"loc":{"start":{"line":592,"column":2},"end":{"line":592,"column":49}},"type":"if","locations":[{"start":{"line":592,"column":2},"end":{"line":592,"column":49}},{"start":{},"end":{}}],"line":592},"131":{"loc":{"start":{"line":596,"column":13},"end":{"line":598,"column":55}},"type":"cond-expr","locations":[{"start":{"line":597,"column":8},"end":{"line":597,"column":72}},{"start":{"line":598,"column":8},"end":{"line":598,"column":55}}],"line":596},"132":{"loc":{"start":{"line":616,"column":0},"end":{"line":618,"column":1}},"type":"if","locations":[{"start":{"line":616,"column":0},"end":{"line":618,"column":1}},{"start":{},"end":{}}],"line":616},"133":{"loc":{"start":{"line":622,"column":13},"end":{"line":622,"column":30}},"type":"binary-expr","locations":[{"start":{"line":622,"column":13},"end":{"line":622,"column":23}},{"start":{"line":622,"column":27},"end":{"line":622,"column":30}}],"line":622},"134":{"loc":{"start":{"line":625,"column":0},"end":{"line":633,"column":1}},"type":"if","locations":[{"start":{"line":625,"column":0},"end":{"line":633,"column":1}},{"start":{},"end":{}}],"line":625}},"s":{"0":1,"1":1,"2":1,"3":1,"4":1,"5":1,"6":1,"7":1,"8":1,"9":1,"10":1,"11":1,"12":1,"13":1,"14":2,"15":1,"16":3,"17":0,"18":0,"19":0,"20":1,"21":1,"22":1,"23":1,"24":0,"25":0,"26":0,"27":0,"28":0,"29":0,"30":1,"31":0,"32":1,"33":0,"34":1,"35":0,"36":0,"37":0,"38":1,"39":1,"40":1,"41":1,"42":8,"43":1,"44":0,"45":1,"46":0,"47":1,"48":0,"49":1,"50":10,"51":1,"52":0,"53":1,"54":1,"55":0,"56":1,"57":1,"58":1,"59":12,"60":12,"61":0,"62":0,"63":0,"64":1,"65":1,"66":1,"67":1,"68":0,"69":0,"70":0,"71":0,"72":0,"73":0,"74":0,"75":0,"76":0,"77":0,"78":0,"79":0,"80":0,"81":0,"82":0,"83":1,"84":0,"85":1,"86":0,"87":1,"88":8,"89":1,"90":3,"91":1,"92":1,"93":6,"94":4,"95":2,"96":2,"97":0,"98":0,"99":0,"100":0,"101":0,"102":0,"103":0,"104":0,"105":0,"106":0,"107":0,"108":0,"109":0,"110":0,"111":0,"112":0,"113":0,"114":0,"115":0,"116":0,"117":0,"118":0,"119":0,"120":0,"121":0,"122":0,"123":0,"124":0,"125":0,"126":0,"127":0,"128":0,"129":0,"130":0,"131":0,"132":0,"133":0,"134":0,"135":0,"136":0,"137":1,"138":9,"139":0,"140":9,"141":1,"142":6,"143":0,"144":6,"145":6,"146":6,"147":6,"148":1,"149":5,"150":1,"151":4,"152":4,"153":1,"154":3,"155":3,"156":3,"157":3,"158":1,"159":3,"160":0,"161":3,"162":3,"163":3,"164":3,"165":1,"166":2,"167":2,"168":1,"169":1,"170":1,"171":3,"172":0,"173":3,"174":3,"175":3,"176":1,"177":2,"178":2,"179":1,"180":1,"181":1,"182":0,"183":0,"184":0,"185":0,"186":0,"187":0,"188":0,"189":1,"190":0,"191":1,"192":1,"193":1,"194":1,"195":0,"196":1,"197":1,"198":0,"199":0,"200":0,"201":0,"202":0,"203":0,"204":0,"205":0,"206":0,"207":0,"208":0,"209":0,"210":0,"211":0,"212":0,"213":0,"214":0,"215":0,"216":0,"217":0,"218":0,"219":0,"220":0,"221":0,"222":0,"223":0,"224":0,"225":0,"226":0,"227":0,"228":0,"229":0,"230":0,"231":0,"232":0,"233":1,"234":0,"235":0,"236":0,"237":0,"238":0,"239":0,"240":0,"241":0,"242":0,"243":0,"244":0,"245":0,"246":0,"247":1,"248":0,"249":1,"250":0,"251":0,"252":0,"253":0,"254":0,"255":0,"256":0,"257":1,"258":0,"259":0,"260":0,"261":0,"262":0,"263":1,"264":0,"265":0,"266":0,"267":0,"268":0,"269":0,"270":0,"271":0,"272":0,"273":0,"274":0,"275":1,"276":0,"277":0,"278":0,"279":0,"280":0,"281":0,"282":0,"283":0,"284":0,"285":0,"286":0,"287":0,"288":0,"289":0,"290":0,"291":0,"292":0,"293":0,"294":0,"295":0,"296":0,"297":1,"298":0,"299":1,"300":0,"301":0,"302":0,"303":0,"304":0,"305":1,"306":0,"307":1,"308":0,"309":1,"310":0,"311":0,"312":0,"313":0,"314":0,"315":1,"316":0,"317":1,"318":1,"319":1,"320":1,"321":1,"322":1,"323":1,"324":0,"325":0,"326":0,"327":1,"328":1,"329":1,"330":0,"331":0,"332":1,"333":0,"334":0,"335":0,"336":0,"337":0,"338":1},"f":{"0":2,"1":3,"2":8,"3":10,"4":12,"5":0,"6":0,"7":0,"8":8,"9":3,"10":6,"11":0,"12":0,"13":9,"14":6,"15":3,"16":3,"17":0,"18":1,"19":1,"20":0,"21":0,"22":0,"23":0,"24":0,"25":0,"26":0,"27":0,"28":0,"29":0,"30":0,"31":0,"32":0,"33":0,"34":0,"35":0,"36":0,"37":0},"b":{"0":[1,0],"1":[1,0],"2":[1,0],"3":[1,0],"4":[0,3],"5":[0,0],"6":[1,0],"7":[0,1],"8":[1,0],"9":[0,0],"10":[0,1],"11":[0,1],"12":[0,1],"13":[0,1],"14":[0,1],"15":[0,1],"16":[0,1],"17":[0,1],"18":[12,0],"19":[0,0],"20":[0,0],"21":[0,0],"22":[0,0],"23":[0,0],"24":[0,0],"25":[0,0],"26":[4,2],"27":[0,0],"28":[0],"29":[0],"30":[0,0],"31":[0,0],"32":[0,0],"33":[0,0,0],"34":[0,0],"35":[0,0],"36":[0,0],"37":[0,0,0],"38":[0,0],"39":[0,0],"40":[0,0],"41":[0,0],"42":[0,0],"43":[0,0],"44":[0,0],"45":[0,0],"46":[0,0],"47":[0,0],"48":[0,0],"49":[0,0],"50":[0,0],"51":[0,0],"52":[0,0],"53":[0,0],"54":[0,9],"55":[0,6],"56":[6,0],"57":[1,5],"58":[1,4],"59":[1,3],"60":[3,2],"61":[3,2],"62":[0,3],"63":[3,0],"64":[1,2],"65":[1,1],"66":[0,3],"67":[3,1],"68":[2,1],"69":[1,2],"70":[0,0],"71":[0,0],"72":[0,0],"73":[0,0],"74":[0,1],"75":[0,1],"76":[0,0],"77":[0,0],"78":[0,0],"79":[0,0],"80":[0,0],"81":[0,0],"82":[0,0],"83":[0,0],"84":[0,0],"85":[0,0],"86":[0,0],"87":[0,0],"88":[0,0],"89":[0,0],"90":[0,0],"91":[0,0],"92":[0,0],"93":[0,0],"94":[0,0],"95":[0,0],"96":[0,0],"97":[0,0],"98":[0,0],"99":[0,0],"100":[0,0],"101":[0,0],"102":[0,0],"103":[0,0],"104":[0,0],"105":[0,0],"106":[0,0],"107":[0,0],"108":[0,0],"109":[0,0],"110":[0,0],"111":[0,0],"112":[0,0],"113":[0,0],"114":[0,0],"115":[0,0],"116":[0,0],"117":[0,0],"118":[0,0],"119":[0,0],"120":[0,0],"121":[0,0],"122":[0,0],"123":[0,0],"124":[0,0],"125":[0,0],"126":[0,0],"127":[0,0],"128":[1,0],"129":[1,0],"130":[0,0],"131":[0,0],"132":[1,0],"133":[0,0],"134":[0,1]},"_coverageSchema":"1a1c01bbd47fc00a2c39e90264f33305004495a9","hash":"72b25ff80a3aaaf6379e641e8f2eb0cb6a583898"}
}
