TN:
SF:server.js
FN:18,(anonymous_0)
FN:25,(anonymous_1)
FN:78,(anonymous_2)
FN:89,(anonymous_3)
FN:149,(anonymous_4)
FN:176,requireAdmin
FN:196,(anonymous_6)
FN:200,(anonymous_7)
FN:201,(anonymous_8)
FN:202,(anonymous_9)
FN:207,cleanText
FN:213,isFiniteNumber
FN:217,validateReportPayload
FN:276,cleanUsername
FN:281,(anonymous_14)
FN:309,(anonymous_15)
FN:335,authenticateToken
FN:351,authenticateOptional
FN:365,publicUser
FN:378,(anonymous_19)
FN:384,(anonymous_20)
FN:427,(anonymous_21)
FN:428,(anonymous_22)
FN:435,(anonymous_23)
FN:451,(anonymous_24)
FN:455,(anonymous_25)
FN:463,(anonymous_26)
FN:482,(anonymous_27)
FN:507,(anonymous_28)
FN:539,(anonymous_29)
FN:543,(anonymous_30)
FN:550,(anonymous_31)
FN:563,(anonymous_32)
FN:567,(anonymous_33)
FN:574,(anonymous_34)
FN:591,(anonymous_35)
FN:620,(anonymous_36)
FN:627,(anonymous_37)
FNF:38
FNH:14
FNDA:2,(anonymous_0)
FNDA:3,(anonymous_1)
FNDA:8,(anonymous_2)
FNDA:10,(anonymous_3)
FNDA:12,(anonymous_4)
FNDA:0,requireAdmin
FNDA:0,(anonymous_6)
FNDA:0,(anonymous_7)
FNDA:8,(anonymous_8)
FNDA:3,(anonymous_9)
FNDA:6,cleanText
FNDA:0,isFiniteNumber
FNDA:0,validateReportPayload
FNDA:9,cleanUsername
FNDA:6,(anonymous_14)
FNDA:3,(anonymous_15)
FNDA:3,authenticateToken
FNDA:0,authenticateOptional
FNDA:1,publicUser
FNDA:1,(anonymous_19)
FNDA:0,(anonymous_20)
FNDA:0,(anonymous_21)
FNDA:0,(anonymous_22)
FNDA:0,(anonymous_23)
FNDA:0,(anonymous_24)
FNDA:0,(anonymous_25)
FNDA:0,(anonymous_26)
FNDA:0,(anonymous_27)
FNDA:0,(anonymous_28)
FNDA:0,(anonymous_29)
FNDA:0,(anonymous_30)
FNDA:0,(anonymous_31)
FNDA:0,(anonymous_32)
FNDA:0,(anonymous_33)
FNDA:0,(anonymous_34)
FNDA:0,(anonymous_35)
FNDA:0,(anonymous_36)
FNDA:0,(anonymous_37)
DA:1,1
DA:3,1
DA:4,1
DA:5,1
DA:6,1
DA:7,1
DA:8,1
DA:9,1
DA:10,1
DA:11,1
DA:13,1
DA:14,1
DA:15,1
DA:16,1
DA:18,2
DA:21,1
DA:26,3
DA:27,0
DA:28,0
DA:32,1
DA:33,1
DA:34,1
DA:36,1
DA:37,0
DA:38,0
DA:39,0
DA:40,0
DA:42,0
DA:44,0
DA:48,1
DA:49,0
DA:53,1
DA:54,0
DA:59,1
DA:60,0
DA:61,0
DA:62,0
DA:65,1
DA:66,1
DA:68,1
DA:78,8
DA:79,1
DA:80,0
DA:82,1
DA:83,0
DA:85,1
DA:86,0
DA:89,10
DA:90,1
DA:91,0
DA:94,1
DA:99,1
DA:100,0
DA:103,1
DA:145,1
DA:147,1
DA:150,12
DA:151,0
DA:152,0
DA:157,1
DA:159,1
DA:166,1
DA:168,1
DA:177,0
DA:178,0
DA:180,0
DA:181,0
DA:182,0
DA:184,0
DA:185,0
DA:186,0
DA:187,0
DA:189,0
DA:190,0
DA:192,0
DA:196,1
DA:197,0
DA:200,1
DA:201,8
DA:202,3
DA:204,1
DA:205,1
DA:208,6
DA:209,2
DA:210,2
DA:214,0
DA:218,0
DA:219,0
DA:221,0
DA:222,0
DA:223,0
DA:224,0
DA:226,0
DA:227,0
DA:228,0
DA:229,0
DA:231,0
DA:232,0
DA:233,0
DA:234,0
DA:236,0
DA:237,0
DA:239,0
DA:240,0
DA:241,0
DA:242,0
DA:244,0
DA:245,0
DA:246,0
DA:247,0
DA:248,0
DA:249,0
DA:250,0
DA:252,0
DA:254,0
DA:255,0
DA:257,0
DA:260,0
DA:261,0
DA:262,0
DA:265,0
DA:268,1
DA:277,9
DA:278,9
DA:281,1
DA:282,6
DA:284,6
DA:285,6
DA:286,6
DA:288,6
DA:289,5
DA:291,4
DA:292,4
DA:294,3
DA:295,3
DA:302,3
DA:303,3
DA:309,1
DA:310,3
DA:312,3
DA:313,3
DA:315,3
DA:316,3
DA:318,2
DA:319,2
DA:321,1
DA:322,1
DA:336,3
DA:338,3
DA:339,3
DA:340,3
DA:342,2
DA:343,2
DA:344,1
DA:345,1
DA:347,1
DA:352,0
DA:353,0
DA:354,0
DA:355,0
DA:356,0
DA:357,0
DA:362,0
DA:366,1
DA:367,1
DA:378,1
DA:379,1
DA:380,1
DA:381,1
DA:384,1
DA:385,0
DA:386,0
DA:388,0
DA:389,0
DA:391,0
DA:392,0
DA:393,0
DA:396,0
DA:397,0
DA:400,0
DA:401,0
DA:404,0
DA:405,0
DA:406,0
DA:407,0
DA:408,0
DA:409,0
DA:410,0
DA:411,0
DA:412,0
DA:414,0
DA:417,0
DA:421,0
DA:422,0
DA:423,0
DA:426,0
DA:427,0
DA:428,0
DA:429,0
DA:431,0
DA:432,0
DA:435,1
DA:436,0
DA:437,0
DA:439,0
DA:440,0
DA:442,0
DA:443,0
DA:444,0
DA:446,0
DA:447,0
DA:448,0
DA:451,1
DA:452,0
DA:455,1
DA:456,0
DA:457,0
DA:458,0
DA:459,0
DA:460,0
DA:463,1
DA:464,0
DA:465,0
DA:467,0
DA:479,0
DA:482,1
DA:483,0
DA:484,0
DA:486,0
DA:487,0
DA:489,0
DA:490,0
DA:492,0
DA:504,0
DA:507,1
DA:508,0
DA:509,0
DA:511,0
DA:512,0
DA:514,0
DA:515,0
DA:516,0
DA:517,0
DA:521,0
DA:522,0
DA:524,0
DA:527,0
DA:528,0
DA:530,0
DA:531,0
DA:534,0
DA:535,0
DA:536,0
DA:539,1
DA:540,0
DA:543,1
DA:544,0
DA:545,0
DA:546,0
DA:547,0
DA:550,1
DA:551,0
DA:563,1
DA:564,0
DA:567,1
DA:568,0
DA:569,0
DA:570,0
DA:571,0
DA:574,1
DA:575,0
DA:583,1
DA:584,1
DA:585,1
DA:586,1
DA:588,1
DA:589,1
DA:591,1
DA:592,0
DA:593,0
DA:616,1
DA:617,1
DA:620,1
DA:621,0
DA:622,0
DA:625,1
DA:627,0
DA:628,0
DA:629,0
DA:630,0
DA:631,0
DA:635,1
LF:292
LH:118
BRDA:13,0,0,1
BRDA:13,0,1,0
BRDA:14,1,0,1
BRDA:14,1,1,0
BRDA:15,2,0,1
BRDA:15,2,1,0
BRDA:16,3,0,1
BRDA:16,3,1,0
BRDA:26,4,0,0
BRDA:26,4,1,3
BRDA:28,5,0,0
BRDA:28,5,1,0
BRDA:34,6,0,1
BRDA:34,6,1,0
BRDA:36,7,0,0
BRDA:36,7,1,1
BRDA:36,8,0,1
BRDA:36,8,1,0
BRDA:39,9,0,0
BRDA:39,9,1,0
BRDA:48,10,0,0
BRDA:48,10,1,1
BRDA:53,11,0,0
BRDA:53,11,1,1
BRDA:59,12,0,0
BRDA:59,12,1,1
BRDA:79,13,0,0
BRDA:79,13,1,1
BRDA:82,14,0,0
BRDA:82,14,1,1
BRDA:85,15,0,0
BRDA:85,15,1,1
BRDA:90,16,0,0
BRDA:90,16,1,1
BRDA:99,17,0,0
BRDA:99,17,1,1
BRDA:150,18,0,12
BRDA:150,18,1,0
BRDA:151,19,0,0
BRDA:151,19,1,0
BRDA:177,20,0,0
BRDA:177,20,1,0
BRDA:178,21,0,0
BRDA:178,21,1,0
BRDA:180,22,0,0
BRDA:180,22,1,0
BRDA:181,23,0,0
BRDA:181,23,1,0
BRDA:182,24,0,0
BRDA:182,24,1,0
BRDA:186,25,0,0
BRDA:186,25,1,0
BRDA:208,26,0,4
BRDA:208,26,1,2
BRDA:214,27,0,0
BRDA:214,27,1,0
BRDA:217,28,0,0
BRDA:217,29,0,0
BRDA:221,30,0,0
BRDA:221,30,1,0
BRDA:221,31,0,0
BRDA:221,31,1,0
BRDA:223,32,0,0
BRDA:223,32,1,0
BRDA:223,33,0,0
BRDA:223,33,1,0
BRDA:223,33,2,0
BRDA:226,34,0,0
BRDA:226,34,1,0
BRDA:226,35,0,0
BRDA:226,35,1,0
BRDA:228,36,0,0
BRDA:228,36,1,0
BRDA:228,37,0,0
BRDA:228,37,1,0
BRDA:228,37,2,0
BRDA:231,38,0,0
BRDA:231,38,1,0
BRDA:231,39,0,0
BRDA:231,39,1,0
BRDA:233,40,0,0
BRDA:233,40,1,0
BRDA:236,41,0,0
BRDA:236,41,1,0
BRDA:236,42,0,0
BRDA:236,42,1,0
BRDA:239,43,0,0
BRDA:239,43,1,0
BRDA:239,44,0,0
BRDA:239,44,1,0
BRDA:241,45,0,0
BRDA:241,45,1,0
BRDA:244,46,0,0
BRDA:244,46,1,0
BRDA:245,47,0,0
BRDA:245,47,1,0
BRDA:246,48,0,0
BRDA:246,48,1,0
BRDA:248,49,0,0
BRDA:248,49,1,0
BRDA:249,50,0,0
BRDA:249,50,1,0
BRDA:254,51,0,0
BRDA:254,51,1,0
BRDA:260,52,0,0
BRDA:260,52,1,0
BRDA:262,53,0,0
BRDA:262,53,1,0
BRDA:277,54,0,0
BRDA:277,54,1,9
BRDA:282,55,0,0
BRDA:282,55,1,6
BRDA:285,56,0,6
BRDA:285,56,1,0
BRDA:288,57,0,1
BRDA:288,57,1,5
BRDA:289,58,0,1
BRDA:289,58,1,4
BRDA:292,59,0,1
BRDA:292,59,1,3
BRDA:298,60,0,3
BRDA:298,60,1,2
BRDA:305,61,0,3
BRDA:305,61,1,2
BRDA:310,62,0,0
BRDA:310,62,1,3
BRDA:313,63,0,3
BRDA:313,63,1,0
BRDA:316,64,0,1
BRDA:316,64,1,2
BRDA:319,65,0,1
BRDA:319,65,1,1
BRDA:336,66,0,0
BRDA:336,66,1,3
BRDA:338,67,0,3
BRDA:338,67,1,1
BRDA:339,68,0,2
BRDA:339,68,1,1
BRDA:340,69,0,1
BRDA:340,69,1,2
BRDA:352,70,0,0
BRDA:352,70,1,0
BRDA:353,71,0,0
BRDA:353,71,1,0
BRDA:354,72,0,0
BRDA:354,72,1,0
BRDA:354,73,0,0
BRDA:354,73,1,0
BRDA:366,74,0,0
BRDA:366,74,1,1
BRDA:380,75,0,0
BRDA:380,75,1,1
BRDA:386,76,0,0
BRDA:386,76,1,0
BRDA:391,77,0,0
BRDA:391,77,1,0
BRDA:393,78,0,0
BRDA:393,78,1,0
BRDA:396,79,0,0
BRDA:396,79,1,0
BRDA:397,80,0,0
BRDA:397,80,1,0
BRDA:400,81,0,0
BRDA:400,81,1,0
BRDA:401,82,0,0
BRDA:401,82,1,0
BRDA:404,83,0,0
BRDA:404,83,1,0
BRDA:405,84,0,0
BRDA:405,84,1,0
BRDA:406,85,0,0
BRDA:406,85,1,0
BRDA:408,86,0,0
BRDA:408,86,1,0
BRDA:410,87,0,0
BRDA:410,87,1,0
BRDA:411,88,0,0
BRDA:411,88,1,0
BRDA:421,89,0,0
BRDA:421,89,1,0
BRDA:422,90,0,0
BRDA:422,90,1,0
BRDA:437,91,0,0
BRDA:437,91,1,0
BRDA:439,92,0,0
BRDA:439,92,1,0
BRDA:440,93,0,0
BRDA:440,93,1,0
BRDA:443,94,0,0
BRDA:443,94,1,0
BRDA:444,95,0,0
BRDA:444,95,1,0
BRDA:457,96,0,0
BRDA:457,96,1,0
BRDA:459,97,0,0
BRDA:459,97,1,0
BRDA:464,98,0,0
BRDA:464,98,1,0
BRDA:465,99,0,0
BRDA:465,99,1,0
BRDA:473,100,0,0
BRDA:473,100,1,0
BRDA:474,101,0,0
BRDA:474,101,1,0
BRDA:475,102,0,0
BRDA:475,102,1,0
BRDA:477,103,0,0
BRDA:477,103,1,0
BRDA:484,104,0,0
BRDA:484,104,1,0
BRDA:487,105,0,0
BRDA:487,105,1,0
BRDA:489,106,0,0
BRDA:489,106,1,0
BRDA:490,107,0,0
BRDA:490,107,1,0
BRDA:495,108,0,0
BRDA:495,108,1,0
BRDA:496,109,0,0
BRDA:496,109,1,0
BRDA:497,110,0,0
BRDA:497,110,1,0
BRDA:498,111,0,0
BRDA:498,111,1,0
BRDA:499,112,0,0
BRDA:499,112,1,0
BRDA:500,113,0,0
BRDA:500,113,1,0
BRDA:501,114,0,0
BRDA:501,114,1,0
BRDA:509,115,0,0
BRDA:509,115,1,0
BRDA:512,116,0,0
BRDA:512,116,1,0
BRDA:514,117,0,0
BRDA:514,117,1,0
BRDA:515,118,0,0
BRDA:515,118,1,0
BRDA:516,119,0,0
BRDA:516,119,1,0
BRDA:516,120,0,0
BRDA:516,120,1,0
BRDA:527,121,0,0
BRDA:527,121,1,0
BRDA:528,122,0,0
BRDA:528,122,1,0
BRDA:530,123,0,0
BRDA:530,123,1,0
BRDA:530,124,0,0
BRDA:530,124,1,0
BRDA:535,125,0,0
BRDA:535,125,1,0
BRDA:546,126,0,0
BRDA:546,126,1,0
BRDA:570,127,0,0
BRDA:570,127,1,0
BRDA:588,128,0,1
BRDA:588,128,1,0
BRDA:589,129,0,1
BRDA:589,129,1,0
BRDA:592,130,0,0
BRDA:592,130,1,0
BRDA:596,131,0,0
BRDA:596,131,1,0
BRDA:616,132,0,1
BRDA:616,132,1,0
BRDA:622,133,0,0
BRDA:622,133,1,0
BRDA:625,134,0,0
BRDA:625,134,1,1
BRF:270
BRH:51
end_of_record
